# JRE version: OpenJDK Runtime Environment Temurin-21.0.8+9 (21.0.8+9) (build 21.0.8+9-LTS)
# Java VM: OpenJDK 64-Bit Server VM Temurin-21.0.8+9 (21.0.8+9-LTS, mixed mode, sharing, tiered, compressed oops, compressed class ptrs, parallel gc, windows-amd64)
GC Precious Log:
 CardTable entry size: 512
 CPUs: 8 total, 8 available
 Memory: 16183M
 Large Page Support: Disabled
 NUMA Support: Disabled
 Compressed Oops: Enabled (32-bit)
 Alignments: Space 512K, Generation 512K, Heap 2M
 Heap Min Capacity: 100M
 Heap Initial Capacity: 100M
 Heap Max Capacity: 2G
 Pre-touch: Disabled
 Parallel Workers: 8
Heap:
 PSYoungGen      total 3072K, used 1872K [0x00000000d5580000, 0x00000000d5a80000, 0x0000000100000000)
  eden space 2048K, 57% used [0x00000000d5580000,0x00000000d56a4208,0x00000000d5780000)
  from space 1024K, 68% used [0x00000000d5780000,0x00000000d5830010,0x00000000d5880000)
  to   space 1536K, 0% used [0x00000000d5900000,0x00000000d5900000,0x00000000d5a80000)
 ParOldGen       total 580096K, used 579903K [0x0000000080000000, 0x00000000a3680000, 0x00000000d5580000)
  object space 580096K, 99% used [0x0000000080000000,0x00000000a364ffc8,0x00000000a3680000)
 Metaspace       used 91456K, committed 93312K, reserved 1179648K
  class space    used 10571K, committed 11392K, reserved 1048576K
GC Heap History (20 events):
Event: 8604.390 GC heap before
{Heap before GC invocations=934 (full 4):
 PSYoungGen      total 3584K, used 2731K [0x00000000d5580000, 0x00000000d5980000, 0x0000000100000000)
  eden space 2560K, 99% used [0x00000000d5580000,0x00000000d57fad18,0x00000000d5800000)
  from space 1024K, 18% used [0x00000000d5800000,0x00000000d5830000,0x00000000d5900000)
  to   space 512K, 0% used [0x00000000d5900000,0x00000000d5900000,0x00000000d5980000)
 ParOldGen       total 572416K, used 572271K [0x0000000080000000, 0x00000000a2f00000, 0x00000000d5580000)
  object space 572416K, 99% used [0x0000000080000000,0x00000000a2edbdf0,0x00000000a2f00000)
 Metaspace       used 91448K, committed 93312K, reserved 1179648K
  class space    used 10571K, committed 11392K, reserved 1048576K
}
Event: 8604.391 GC heap after
{Heap after GC invocations=934 (full 4):
 PSYoungGen      total 3072K, used 494K [0x00000000d5580000, 0x00000000d5a00000, 0x0000000100000000)
  eden space 2560K, 0% used [0x00000000d5580000,0x00000000d5580000,0x00000000d5800000)
  from space 512K, 96% used [0x00000000d5900000,0x00000000d597baf0,0x00000000d5980000)
  to   space 1024K, 0% used [0x00000000d5800000,0x00000000d5800000,0x00000000d5900000)
 ParOldGen       total 572928K, used 572502K [0x0000000080000000, 0x00000000a2f80000, 0x00000000d5580000)
  object space 572928K, 99% used [0x0000000080000000,0x00000000a2f15b68,0x00000000a2f80000)
 Metaspace       used 91448K, committed 93312K, reserved 1179648K
  class space    used 10571K, committed 11392K, reserved 1048576K
}
Event: 8604.569 GC heap before
{Heap before GC invocations=935 (full 4):
 PSYoungGen      total 3072K, used 3054K [0x00000000d5580000, 0x00000000d5a00000, 0x0000000100000000)
  eden space 2560K, 100% used [0x00000000d5580000,0x00000000d5800000,0x00000000d5800000)
  from space 512K, 96% used [0x00000000d5900000,0x00000000d597baf0,0x00000000d5980000)
  to   space 1024K, 0% used [0x00000000d5800000,0x00000000d5800000,0x00000000d5900000)
 ParOldGen       total 572928K, used 572502K [0x0000000080000000, 0x00000000a2f80000, 0x00000000d5580000)
  object space 572928K, 99% used [0x0000000080000000,0x00000000a2f15b68,0x00000000a2f80000)
 Metaspace       used 91449K, committed 93312K, reserved 1179648K
  class space    used 10571K, committed 11392K, reserved 1048576K
}
Event: 8604.571 GC heap after
{Heap after GC invocations=935 (full 4):
 PSYoungGen      total 3584K, used 1010K [0x00000000d5580000, 0x00000000d5b00000, 0x0000000100000000)
  eden space 2560K, 0% used [0x00000000d5580000,0x00000000d5580000,0x00000000d5800000)
  from space 1024K, 98% used [0x00000000d5800000,0x00000000d58fca80,0x00000000d5900000)
  to   space 1536K, 0% used [0x00000000d5980000,0x00000000d5980000,0x00000000d5b00000)
 ParOldGen       total 572928K, used 572885K [0x0000000080000000, 0x00000000a2f80000, 0x00000000d5580000)
  object space 572928K, 99% used [0x0000000080000000,0x00000000a2f75448,0x00000000a2f80000)
 Metaspace       used 91449K, committed 93312K, reserved 1179648K
  class space    used 10571K, committed 11392K, reserved 1048576K
}
Event: 8604.615 GC heap before
{Heap before GC invocations=936 (full 4):
 PSYoungGen      total 3584K, used 3570K [0x00000000d5580000, 0x00000000d5b00000, 0x0000000100000000)
  eden space 2560K, 100% used [0x00000000d5580000,0x00000000d5800000,0x00000000d5800000)
  from space 1024K, 98% used [0x00000000d5800000,0x00000000d58fca80,0x00000000d5900000)
  to   space 1536K, 0% used [0x00000000d5980000,0x00000000d5980000,0x00000000d5b00000)
 ParOldGen       total 572928K, used 572885K [0x0000000080000000, 0x00000000a2f80000, 0x00000000d5580000)
  object space 572928K, 99% used [0x0000000080000000,0x00000000a2f75448,0x00000000a2f80000)
 Metaspace       used 91449K, committed 93312K, reserved 1179648K
  class space    used 10571K, committed 11392K, reserved 1048576K
}
Event: 8604.616 GC heap after
{Heap after GC invocations=936 (full 4):
 PSYoungGen      total 3584K, used 711K [0x00000000d5580000, 0x00000000d5a80000, 0x0000000100000000)
  eden space 2560K, 0% used [0x00000000d5580000,0x00000000d5580000,0x00000000d5800000)
  from space 1024K, 69% used [0x00000000d5980000,0x00000000d5a31de0,0x00000000d5a80000)
  to   space 1024K, 0% used [0x00000000d5800000,0x00000000d5800000,0x00000000d5900000)
 ParOldGen       total 573952K, used 573862K [0x0000000080000000, 0x00000000a3080000, 0x00000000d5580000)
  object space 573952K, 99% used [0x0000000080000000,0x00000000a3069a30,0x00000000a3080000)
 Metaspace       used 91449K, committed 93312K, reserved 1179648K
  class space    used 10571K, committed 11392K, reserved 1048576K
}
Event: 8604.621 GC heap before
{Heap before GC invocations=937 (full 4):
 PSYoungGen      total 3584K, used 3271K [0x00000000d5580000, 0x00000000d5a80000, 0x0000000100000000)
  eden space 2560K, 100% used [0x00000000d5580000,0x00000000d5800000,0x00000000d5800000)
  from space 1024K, 69% used [0x00000000d5980000,0x00000000d5a31de0,0x00000000d5a80000)
  to   space 1024K, 0% used [0x00000000d5800000,0x00000000d5800000,0x00000000d5900000)
 ParOldGen       total 573952K, used 573862K [0x0000000080000000, 0x00000000a3080000, 0x00000000d5580000)
  object space 573952K, 99% used [0x0000000080000000,0x00000000a3069a30,0x00000000a3080000)
 Metaspace       used 91449K, committed 93312K, reserved 1179648K
  class space    used 10571K, committed 11392K, reserved 1048576K
}
Event: 8604.622 GC heap after
{Heap after GC invocations=937 (full 4):
 PSYoungGen      total 3584K, used 992K [0x00000000d5580000, 0x00000000d5c00000, 0x0000000100000000)
  eden space 2560K, 0% used [0x00000000d5580000,0x00000000d5580000,0x00000000d5800000)
  from space 1024K, 96% used [0x00000000d5800000,0x00000000d58f8020,0x00000000d5900000)
  to   space 2048K, 0% used [0x00000000d5a00000,0x00000000d5a00000,0x00000000d5c00000)
 ParOldGen       total 574976K, used 574505K [0x0000000080000000, 0x00000000a3180000, 0x00000000d5580000)
  object space 574976K, 99% used [0x0000000080000000,0x00000000a310a5c8,0x00000000a3180000)
 Metaspace       used 91449K, committed 93312K, reserved 1179648K
  class space    used 10571K, committed 11392K, reserved 1048576K
}
Event: 8604.628 GC heap before
{Heap before GC invocations=938 (full 4):
 PSYoungGen      total 3584K, used 3552K [0x00000000d5580000, 0x00000000d5c00000, 0x0000000100000000)
  eden space 2560K, 99% used [0x00000000d5580000,0x00000000d57ffff0,0x00000000d5800000)
  from space 1024K, 96% used [0x00000000d5800000,0x00000000d58f8020,0x00000000d5900000)
  to   space 2048K, 0% used [0x00000000d5a00000,0x00000000d5a00000,0x00000000d5c00000)
 ParOldGen       total 574976K, used 574505K [0x0000000080000000, 0x00000000a3180000, 0x00000000d5580000)
  object space 574976K, 99% used [0x0000000080000000,0x00000000a310a5c8,0x00000000a3180000)
 Metaspace       used 91449K, committed 93312K, reserved 1179648K
  class space    used 10571K, committed 11392K, reserved 1048576K
}
Event: 8604.630 GC heap after
{Heap after GC invocations=938 (full 4):
 PSYoungGen      total 4096K, used 1376K [0x00000000d5580000, 0x00000000d5b80000, 0x0000000100000000)
  eden space 2560K, 0% used [0x00000000d5580000,0x00000000d5580000,0x00000000d5800000)
  from space 1536K, 89% used [0x00000000d5a00000,0x00000000d5b58010,0x00000000d5b80000)
  to   space 1536K, 0% used [0x00000000d5880000,0x00000000d5880000,0x00000000d5a00000)
 ParOldGen       total 575488K, used 575377K [0x0000000080000000, 0x00000000a3200000, 0x00000000d5580000)
  object space 575488K, 99% used [0x0000000080000000,0x00000000a31e45e8,0x00000000a3200000)
 Metaspace       used 91449K, committed 93312K, reserved 1179648K
  class space    used 10571K, committed 11392K, reserved 1048576K
}
Event: 8605.027 GC heap before
{Heap before GC invocations=939 (full 4):
 PSYoungGen      total 4096K, used 3936K [0x00000000d5580000, 0x00000000d5b80000, 0x0000000100000000)
  eden space 2560K, 100% used [0x00000000d5580000,0x00000000d5800000,0x00000000d5800000)
  from space 1536K, 89% used [0x00000000d5a00000,0x00000000d5b58010,0x00000000d5b80000)
  to   space 1536K, 0% used [0x00000000d5880000,0x00000000d5880000,0x00000000d5a00000)
 ParOldGen       total 575488K, used 575377K [0x0000000080000000, 0x00000000a3200000, 0x00000000d5580000)
  object space 575488K, 99% used [0x0000000080000000,0x00000000a31e45e8,0x00000000a3200000)
 Metaspace       used 91454K, committed 93312K, reserved 1179648K
  class space    used 10571K, committed 11392K, reserved 1048576K
}
Event: 8605.029 GC heap after
{Heap after GC invocations=939 (full 4):
 PSYoungGen      total 3584K, used 695K [0x00000000d5580000, 0x00000000d5a80000, 0x0000000100000000)
  eden space 2560K, 0% used [0x00000000d5580000,0x00000000d5580000,0x00000000d5800000)
  from space 1024K, 67% used [0x00000000d5880000,0x00000000d592ddd0,0x00000000d5980000)
  to   space 1024K, 0% used [0x00000000d5980000,0x00000000d5980000,0x00000000d5a80000)
 ParOldGen       total 577024K, used 576630K [0x0000000080000000, 0x00000000a3380000, 0x00000000d5580000)
  object space 577024K, 99% used [0x0000000080000000,0x00000000a331dbb0,0x00000000a3380000)
 Metaspace       used 91454K, committed 93312K, reserved 1179648K
  class space    used 10571K, committed 11392K, reserved 1048576K
}
Event: 8605.036 GC heap before
{Heap before GC invocations=940 (full 4):
 PSYoungGen      total 3584K, used 3255K [0x00000000d5580000, 0x00000000d5a80000, 0x0000000100000000)
  eden space 2560K, 100% used [0x00000000d5580000,0x00000000d5800000,0x00000000d5800000)
  from space 1024K, 67% used [0x00000000d5880000,0x00000000d592ddd0,0x00000000d5980000)
  to   space 1024K, 0% used [0x00000000d5980000,0x00000000d5980000,0x00000000d5a80000)
 ParOldGen       total 577024K, used 576630K [0x0000000080000000, 0x00000000a3380000, 0x00000000d5580000)
  object space 577024K, 99% used [0x0000000080000000,0x00000000a331dbb0,0x00000000a3380000)
 Metaspace       used 91454K, committed 93312K, reserved 1179648K
  class space    used 10571K, committed 11392K, reserved 1048576K
}
Event: 8605.037 GC heap after
{Heap after GC invocations=940 (full 4):
 PSYoungGen      total 3584K, used 960K [0x00000000d5580000, 0x00000000d5a80000, 0x0000000100000000)
  eden space 2560K, 0% used [0x00000000d5580000,0x00000000d5580000,0x00000000d5800000)
  from space 1024K, 93% used [0x00000000d5980000,0x00000000d5a70020,0x00000000d5a80000)
  to   space 1024K, 0% used [0x00000000d5880000,0x00000000d5880000,0x00000000d5980000)
 ParOldGen       total 577536K, used 577223K [0x0000000080000000, 0x00000000a3400000, 0x00000000d5580000)
  object space 577536K, 99% used [0x0000000080000000,0x00000000a33b1f38,0x00000000a3400000)
 Metaspace       used 91454K, committed 93312K, reserved 1179648K
  class space    used 10571K, committed 11392K, reserved 1048576K
}
Event: 8605.042 GC heap before
{Heap before GC invocations=941 (full 4):
 PSYoungGen      total 3584K, used 3520K [0x00000000d5580000, 0x00000000d5a80000, 0x0000000100000000)
  eden space 2560K, 100% used [0x00000000d5580000,0x00000000d5800000,0x00000000d5800000)
  from space 1024K, 93% used [0x00000000d5980000,0x00000000d5a70020,0x00000000d5a80000)
  to   space 1024K, 0% used [0x00000000d5880000,0x00000000d5880000,0x00000000d5980000)
 ParOldGen       total 577536K, used 577223K [0x0000000080000000, 0x00000000a3400000, 0x00000000d5580000)
  object space 577536K, 99% used [0x0000000080000000,0x00000000a33b1f38,0x00000000a3400000)
 Metaspace       used 91456K, committed 93312K, reserved 1179648K
  class space    used 10571K, committed 11392K, reserved 1048576K
}
Event: 8605.045 GC heap after
{Heap after GC invocations=941 (full 4):
 PSYoungGen      total 3584K, used 967K [0x00000000d5580000, 0x00000000d5a00000, 0x0000000100000000)
  eden space 2560K, 0% used [0x00000000d5580000,0x00000000d5580000,0x00000000d5800000)
  from space 1024K, 94% used [0x00000000d5880000,0x00000000d5971dc0,0x00000000d5980000)
  to   space 512K, 0% used [0x00000000d5980000,0x00000000d5980000,0x00000000d5a00000)
 ParOldGen       total 578560K, used 578087K [0x0000000080000000, 0x00000000a3500000, 0x00000000d5580000)
  object space 578560K, 99% used [0x0000000080000000,0x00000000a3489f58,0x00000000a3500000)
 Metaspace       used 91456K, committed 93312K, reserved 1179648K
  class space    used 10571K, committed 11392K, reserved 1048576K
}
Event: 8605.049 GC heap before
{Heap before GC invocations=942 (full 4):
 PSYoungGen      total 3584K, used 3527K [0x00000000d5580000, 0x00000000d5a00000, 0x0000000100000000)
  eden space 2560K, 100% used [0x00000000d5580000,0x00000000d5800000,0x00000000d5800000)
  from space 1024K, 94% used [0x00000000d5880000,0x00000000d5971dc0,0x00000000d5980000)
  to   space 512K, 0% used [0x00000000d5980000,0x00000000d5980000,0x00000000d5a00000)
 ParOldGen       total 578560K, used 578087K [0x0000000080000000, 0x00000000a3500000, 0x00000000d5580000)
  object space 578560K, 99% used [0x0000000080000000,0x00000000a3489f58,0x00000000a3500000)
 Metaspace       used 91456K, committed 93312K, reserved 1179648K
  class space    used 10571K, committed 11392K, reserved 1048576K
}
Event: 8605.050 GC heap after
{Heap after GC invocations=942 (full 4):
 PSYoungGen      total 2560K, used 512K [0x00000000d5580000, 0x00000000d5c00000, 0x0000000100000000)
  eden space 2048K, 0% used [0x00000000d5580000,0x00000000d5580000,0x00000000d5780000)
  from space 512K, 100% used [0x00000000d5980000,0x00000000d5a00000,0x00000000d5a00000)
  to   space 2048K, 0% used [0x00000000d5780000,0x00000000d5780000,0x00000000d5980000)
 ParOldGen       total 579584K, used 579391K [0x0000000080000000, 0x00000000a3600000, 0x00000000d5580000)
  object space 579584K, 99% used [0x0000000080000000,0x00000000a35cffc8,0x00000000a3600000)
 Metaspace       used 91456K, committed 93312K, reserved 1179648K
  class space    used 10571K, committed 11392K, reserved 1048576K
}
Event: 8617.208 GC heap before
{Heap before GC invocations=943 (full 4):
 PSYoungGen      total 2560K, used 2545K [0x00000000d5580000, 0x00000000d5c00000, 0x0000000100000000)
  eden space 2048K, 99% used [0x00000000d5580000,0x00000000d577c668,0x00000000d5780000)
  from space 512K, 100% used [0x00000000d5980000,0x00000000d5a00000,0x00000000d5a00000)
  to   space 2048K, 0% used [0x00000000d5780000,0x00000000d5780000,0x00000000d5980000)
 ParOldGen       total 579584K, used 579391K [0x0000000080000000, 0x00000000a3600000, 0x00000000d5580000)
  object space 579584K, 99% used [0x0000000080000000,0x00000000a35cffc8,0x00000000a3600000)
 Metaspace       used 91456K, committed 93312K, reserved 1179648K
  class space    used 10571K, committed 11392K, reserved 1048576K
}
Event: 8617.211 GC heap after
{Heap after GC invocations=943 (full 4):
 PSYoungGen      total 3072K, used 704K [0x00000000d5580000, 0x00000000d5a80000, 0x0000000100000000)
  eden space 2048K, 0% used [0x00000000d5580000,0x00000000d5580000,0x00000000d5780000)
  from space 1024K, 68% used [0x00000000d5780000,0x00000000d5830010,0x00000000d5880000)
  to   space 1536K, 0% used [0x00000000d5900000,0x00000000d5900000,0x00000000d5a80000)
 ParOldGen       total 580096K, used 579903K [0x0000000080000000, 0x00000000a3680000, 0x00000000d5580000)
  object space 580096K, 99% used [0x0000000080000000,0x00000000a364ffc8,0x00000000a3680000)
 Metaspace       used 91456K, committed 93312K, reserved 1179648K
  class space    used 10571K, committed 11392K, reserved 1048576K
}

